2026-03-15T21:01:46.013Z [info]: POST /users/register 409 50 - 58.892 ms {} {}
2026-03-15T21:02:01.651Z [info]: GET /users/login 404 48 - 0.830 ms {} {}
2026-03-15T21:02:39.452Z [info]: POST /users/login 400 46 - 5.465 ms {} {}
2026-03-15T21:03:05.602Z [info]: POST /users/login 400 46 - 0.968 ms {} {}
2026-03-15T21:03:25.744Z [info]: POST /users/login 200 220 - 74.294 ms {} {}
2026-03-15T21:04:04.229Z [info]: GET /users/profile 401 51 - 1.446 ms {} {}
2026-03-15T21:05:17.799Z [info]: GET /users/profile 401 928 - 42.105 ms {} {}
2026-03-15T21:05:35.283Z [info]: POST /users/login 200 220 - 67.952 ms {} {}
2026-03-15T21:05:56.823Z [info]: GET /users/profile 401 928 - 4.545 ms {} {}
2026-03-15T21:07:09.626Z [info]: GET /users/profile 401 928 - 42.444 ms {} {}
2026-03-15T21:07:12.666Z [info]: GET /users/profile 401 928 - 3.819 ms {} {}
2026-03-15T21:07:35.905Z [info]: GET /users/profile 401 928 - 46.893 ms {} {}
2026-03-15T21:07:49.142Z [info]: GET /users/profile 401 928 - 43.676 ms {} {}
2026-03-15T21:07:49.876Z [info]: GET /users/profile 401 928 - 3.688 ms {} {}
2026-03-15T21:08:42.095Z [info]: GET /users/profile 401 928 - 45.919 ms {} {}
2026-03-15T21:09:16.490Z [info]: POST /users/login 200 219 - 70.586 ms {} {}
2026-03-15T21:09:27.230Z [info]: GET /users/profile 200 106 - 7.768 ms {} {}
2026-03-15T21:12:56.987Z [info]: GET /images 200 60 - 16.713 ms {} {}
2026-03-15T21:13:56.560Z [info]: GET /images/:id 200 104 - 4.103 ms {"publicId":":id"} {}
2026-03-15T21:15:10.821Z [info]: GET /images/:publicId 200 110 - 6.905 ms {"publicId":":publicId"} {}
2026-03-15T21:15:45.948Z [info]: GET /images/:publicId 200 110 - 8.443 ms {"publicId":":publicId"} {}
2026-03-15T21:15:58.801Z [info]: GET /images/ 200 60 - 11.235 ms {} {}
2026-03-15T21:16:17.638Z [info]: GET /images/someid 200 107 - 1.555 ms {"publicId":"someid"} {}
2026-03-15T21:17:24.933Z [info]: GET /images/:publicId/get 404 48 - 3.290 ms {} {}
2026-03-15T21:17:40.178Z [info]: GET /images/:publicId/get 200 110 - 7.011 ms {"publicId":":publicId"} {}
2026-03-15T21:17:48.891Z [info]: GET /images/%22/get 200 104 - 1.505 ms {"publicId":"\""} {}
2026-03-15T21:19:29.711Z [info]: GET /images/123 200 104 - 7.589 ms {"publicId":"123"} {}
2026-03-15T21:20:11.286Z [info]: GET /images/:publicId 200 110 - 7.040 ms {"publicId":":publicId"} {}
2026-03-15T21:20:15.537Z [info]: GET /images/:publicId 200 110 - 1.276 ms {"publicId":":publicId"} {}
2026-03-15T21:20:30.786Z [info]: GET /images/:publicId 200 110 - 7.184 ms {"publicId":":publicId"} {}
2026-03-15T21:20:46.153Z [info]: GET /images/:publicId 400 51 - 4.590 ms {} {}
2026-03-15T21:20:49.971Z [info]: GET /images/123 200 104 - 3.802 ms {"publicId":"123"} {}
2026-03-15T21:32:38.461Z [info]: GET /images/123 404 46 - 10.042 ms {} {}
2026-03-15T21:33:09.050Z [info]: GET /images/123 404 46 - 10.096 ms {} {}
2026-03-15T21:33:27.274Z [info]: GET /images/123 404 46 - 10.755 ms {} {}
2026-03-15T21:33:32.274Z [info]: GET /images/:publicId 400 57 - 1.556 ms {} {}
2026-03-15T21:37:13.218Z [info]: POST /images/ 201 220 - 3098.946 ms {} {}
2026-03-15T22:05:05.635Z [info]: POST /images/ 500 320 - 46.168 ms {} {}
2026-03-15T22:06:27.902Z [info]: POST /images/ 401 79 - 12.573 ms {} {}
2026-03-15T22:06:37.065Z [info]: POST /users/register 201 67 - 74.158 ms {} {}
2026-03-15T22:06:42.719Z [info]: POST /users/login 200 219 - 63.970 ms {} {}
2026-03-15T22:06:49.797Z [info]: GET /users/profile 200 106 - 4.295 ms {} {}
2026-03-15T22:06:57.562Z [info]: GET /images 200 60 - 4.506 ms {} {}
2026-03-15T22:07:01.999Z [info]: POST /images/ 202 159 - 22.699 ms {} {}
2026-03-16T00:27:21.652Z [info]: OPTIONS /users/login 204 0 - 1.869 ms {} {}
2026-03-16T00:27:21.673Z [info]: POST /users/login 400 46 - 17.475 ms {} {}
2026-03-16T00:28:12.667Z [info]: OPTIONS /users/login 204 0 - 0.262 ms {} {}
2026-03-16T00:28:12.756Z [info]: POST /users/login 200 219 - 85.635 ms {} {}
2026-03-16T00:28:15.134Z [info]: POST /users/login 200 219 - 48.380 ms {} {}
2026-03-16T00:28:16.136Z [info]: OPTIONS /users/profile 204 0 - 0.293 ms {} {}
2026-03-16T00:28:16.144Z [info]: GET /users/profile 200 106 - 6.257 ms {} {}
2026-03-16T00:28:17.948Z [info]: OPTIONS /users/login 204 0 - 0.350 ms {} {}
2026-03-16T00:28:18.001Z [info]: POST /users/login 200 219 - 52.028 ms {} {}
2026-03-16T00:28:18.342Z [info]: POST /users/login 200 219 - 52.134 ms {} {}
2026-03-16T00:28:27.533Z [info]: OPTIONS /users/register 204 0 - 0.294 ms {} {}
2026-03-16T00:28:27.540Z [info]: POST /users/register 409 50 - 2.797 ms {} {}
2026-03-16T00:28:28.784Z [info]: OPTIONS /users/login 204 0 - 0.407 ms {} {}
2026-03-16T00:28:28.838Z [info]: POST /users/login 200 219 - 51.798 ms {} {}
2026-03-16T00:28:30.463Z [info]: POST /users/login 429 47 - 1.367 ms {} {}
2026-03-16T00:28:31.003Z [info]: OPTIONS /users/profile 204 0 - 0.290 ms {} {}
2026-03-16T00:28:31.008Z [info]: GET /users/profile 304 - - 3.683 ms {} {}
2026-03-16T00:28:31.316Z [info]: GET /users/profile 304 - - 3.893 ms {} {}
2026-03-16T00:28:31.627Z [info]: GET /users/profile 304 - - 3.262 ms {} {}
2026-03-16T00:28:43.637Z [info]: POST /images 202 159 - 22.869 ms {} {}
2026-03-16T00:28:47.218Z [info]: OPTIONS /images/855239b7-a771-43e7-befa-6b714bfb7892/status 204 0 - 0.225 ms {} {}
2026-03-16T00:28:47.223Z [info]: GET /images/855239b7-a771-43e7-befa-6b714bfb7892/status 200 119 - 2.986 ms {"id":"855239b7-a771-43e7-befa-6b714bfb7892"} {}
2026-03-16T00:28:52.705Z [info]: OPTIONS /images/855239b7-a771-43e7-befa-6b714bfb7892/status 204 0 - 0.227 ms {} {}
2026-03-16T00:28:52.708Z [info]: GET /images/855239b7-a771-43e7-befa-6b714bfb7892/status 304 - - 1.395 ms {"id":"855239b7-a771-43e7-befa-6b714bfb7892"} {}
2026-03-16T00:28:53.232Z [info]: GET /images/855239b7-a771-43e7-befa-6b714bfb7892/status 304 - - 1.676 ms {"id":"855239b7-a771-43e7-befa-6b714bfb7892"} {}
2026-03-16T00:28:54.133Z [info]: GET /images/855239b7-a771-43e7-befa-6b714bfb7892/status 304 - - 1.162 ms {"id":"855239b7-a771-43e7-befa-6b714bfb7892"} {}
2026-03-16T00:28:55.507Z [info]: GET /images/855239b7-a771-43e7-befa-6b714bfb7892/status 304 - - 1.263 ms {"id":"855239b7-a771-43e7-befa-6b714bfb7892"} {}
2026-03-16T00:28:55.751Z [info]: GET /images/855239b7-a771-43e7-befa-6b714bfb7892/status 304 - - 1.460 ms {"id":"855239b7-a771-43e7-befa-6b714bfb7892"} {}
2026-03-16T00:28:59.218Z [info]: OPTIONS /images?page=1&limit=10 204 0 - 0.201 ms {} {"page":"1","limit":"10"}
2026-03-16T00:28:59.224Z [info]: GET /images?page=1&limit=10 200 343 - 3.497 ms {} {"page":"1","limit":"10"}
2026-03-16T00:29:07.327Z [info]: OPTIONS /images?page=1&limit=10 204 0 - 0.238 ms {} {"page":"1","limit":"10"}
2026-03-16T00:29:07.334Z [info]: GET /images?page=1&limit=10 304 - - 3.180 ms {} {"page":"1","limit":"10"}
2026-03-16T00:29:09.674Z [info]: OPTIONS /images/855239b7-a771-43e7-befa-6b714bfb7892/status 204 0 - 0.307 ms {} {}
2026-03-16T00:29:09.678Z [info]: GET /images/855239b7-a771-43e7-befa-6b714bfb7892/status 304 - - 2.140 ms {"id":"855239b7-a771-43e7-befa-6b714bfb7892"} {}
2026-03-16T00:29:32.565Z [info]: OPTIONS /images?page=1&limit=10 204 0 - 0.215 ms {} {"page":"1","limit":"10"}
2026-03-16T00:29:32.584Z [info]: GET /images?page=1&limit=10 304 - - 3.234 ms {} {"page":"1","limit":"10"}
2026-03-16T00:29:35.858Z [info]: OPTIONS /images/855239b7-a771-43e7-befa-6b714bfb7892/status 204 0 - 0.243 ms {} {}
2026-03-16T00:29:35.861Z [info]: GET /images/855239b7-a771-43e7-befa-6b714bfb7892/status 304 - - 1.421 ms {"id":"855239b7-a771-43e7-befa-6b714bfb7892"} {}
2026-03-16T00:29:36.292Z [info]: POST /images 202 159 - 16.676 ms {} {}
2026-03-16T00:29:37.530Z [info]: OPTIONS /images/c0bebfad-ecee-4f08-a4c0-d8737a0c8e30/status 204 0 - 0.461 ms {} {}
2026-03-16T00:29:37.533Z [info]: GET /images/c0bebfad-ecee-4f08-a4c0-d8737a0c8e30/status 200 119 - 1.263 ms {"id":"c0bebfad-ecee-4f08-a4c0-d8737a0c8e30"} {}
2026-03-16T00:29:39.180Z [info]: OPTIONS /images?page=1&limit=10 204 0 - 0.235 ms {} {"page":"1","limit":"10"}
2026-03-16T00:29:39.185Z [info]: GET /images?page=1&limit=10 200 485 - 3.052 ms {} {"page":"1","limit":"10"}
2026-03-16T00:36:33.622Z [info]: OPTIONS /users/login 204 0 - 1.667 ms {} {}
2026-03-16T00:36:33.691Z [info]: POST /users/login 200 219 - 65.369 ms {} {}
2026-03-16T00:36:34.806Z [info]: OPTIONS /users/profile 204 0 - 0.411 ms {} {}
2026-03-16T00:36:34.815Z [info]: GET /users/profile 304 - - 6.464 ms {} {}
2026-03-16T00:36:36.679Z [info]: OPTIONS /images?page=1&limit=10 204 0 - 0.239 ms {} {"page":"1","limit":"10"}
2026-03-16T00:36:36.685Z [info]: GET /images?page=1&limit=10 200 482 - 4.278 ms {} {"page":"1","limit":"10"}
2026-03-16T00:36:46.634Z [info]: POST /images 202 159 - 22.618 ms {} {}
2026-03-16T00:36:48.153Z [info]: OPTIONS /images/f1efe500-6f7d-40b6-a4bd-9fceeb7989a3/status 204 0 - 0.247 ms {} {}
2026-03-16T00:36:48.157Z [info]: GET /images/f1efe500-6f7d-40b6-a4bd-9fceeb7989a3/status 200 119 - 2.342 ms {"id":"f1efe500-6f7d-40b6-a4bd-9fceeb7989a3"} {}
2026-03-16T00:36:49.986Z [info]: GET /images/f1efe500-6f7d-40b6-a4bd-9fceeb7989a3/status 200 241 - 2.081 ms {"id":"f1efe500-6f7d-40b6-a4bd-9fceeb7989a3"} {}
2026-03-16T00:36:54.402Z [info]: OPTIONS /images/images/1/bmvop3vlgkmcva466dws 204 0 - 0.312 ms {} {}
2026-03-16T00:36:54.404Z [info]: GET /images/images/1/bmvop3vlgkmcva466dws 404 48 - 0.600 ms {} {}
2026-03-16T00:36:56.075Z [info]: OPTIONS /images?page=1&limit=10 204 0 - 0.448 ms {} {"page":"1","limit":"10"}
2026-03-16T00:36:56.083Z [info]: GET /images?page=1&limit=10 200 746 - 5.630 ms {} {"page":"1","limit":"10"}
2026-03-16T00:38:01.029Z [info]: OPTIONS /users/register 204 0 - 0.330 ms {} {}
2026-03-16T00:38:01.035Z [info]: POST /users/register 409 50 - 2.456 ms {} {}
2026-03-16T00:38:03.825Z [info]: OPTIONS /users/login 204 0 - 0.283 ms {} {}
2026-03-16T00:38:03.876Z [info]: POST /users/login 200 219 - 49.597 ms {} {}
2026-03-16T00:38:05.065Z [info]: OPTIONS /users/profile 204 0 - 0.234 ms {} {}
2026-03-16T00:38:05.071Z [info]: GET /users/profile 304 - - 4.634 ms {} {}
2026-03-16T00:38:07.054Z [info]: OPTIONS /images?page=1&limit=10 204 0 - 0.325 ms {} {"page":"1","limit":"10"}
2026-03-16T00:38:07.059Z [info]: GET /images?page=1&limit=10 200 60 - 3.674 ms {} {"page":"1","limit":"10"}
2026-03-16T00:38:14.732Z [info]: POST /images 202 159 - 22.610 ms {} {}
2026-03-16T00:38:15.794Z [info]: OPTIONS /images/1a67a13e-9482-4cc1-b610-ba86c72434a6/status 204 0 - 0.231 ms {} {}
2026-03-16T00:38:15.797Z [info]: GET /images/1a67a13e-9482-4cc1-b610-ba86c72434a6/status 200 119 - 1.372 ms {"id":"1a67a13e-9482-4cc1-b610-ba86c72434a6"} {}
2026-03-16T00:38:17.150Z [info]: GET /images/1a67a13e-9482-4cc1-b610-ba86c72434a6/status 304 - - 1.603 ms {"id":"1a67a13e-9482-4cc1-b610-ba86c72434a6"} {}
2026-03-16T00:38:18.257Z [info]: GET /images/1a67a13e-9482-4cc1-b610-ba86c72434a6/status 200 241 - 1.464 ms {"id":"1a67a13e-9482-4cc1-b610-ba86c72434a6"} {}
2026-03-16T00:38:19.913Z [info]: OPTIONS /images/images/1/kb1jbxnyfzgongqwyylo 204 0 - 0.226 ms {} {}
2026-03-16T00:38:19.915Z [info]: GET /images/images/1/kb1jbxnyfzgongqwyylo 404 48 - 0.401 ms {} {}
2026-03-16T00:38:21.316Z [info]: OPTIONS /images?page=1&limit=10 204 0 - 0.309 ms {} {"page":"1","limit":"10"}
2026-03-16T00:38:21.321Z [info]: GET /images?page=1&limit=10 200 323 - 3.771 ms {} {"page":"1","limit":"10"}
2026-03-16T00:38:37.377Z [info]: OPTIONS /images/transform?id=images%2F1%2Fkb1jbxnyfzgongqwyylo 204 0 - 0.237 ms {} {"id":"images/1/kb1jbxnyfzgongqwyylo"}
2026-03-16T00:38:37.389Z [info]: POST /images/transform?id=images%2F1%2Fkb1jbxnyfzgongqwyylo 200 219 - 8.322 ms {} {"id":"images/1/kb1jbxnyfzgongqwyylo"}
2026-03-16T00:38:47.594Z [info]: OPTIONS /images/transform?id=images%2F1%2Fkb1jbxnyfzgongqwyylo 204 0 - 0.243 ms {} {"id":"images/1/kb1jbxnyfzgongqwyylo"}
2026-03-16T00:38:47.600Z [info]: POST /images/transform?id=images%2F1%2Fkb1jbxnyfzgongqwyylo 200 211 - 3.601 ms {} {"id":"images/1/kb1jbxnyfzgongqwyylo"}
2026-03-16T00:38:57.459Z [info]: OPTIONS /images/transform?id=images%2F1%2Fkb1jbxnyfzgongqwyylo 204 0 - 0.217 ms {} {"id":"images/1/kb1jbxnyfzgongqwyylo"}
2026-03-16T00:38:57.464Z [info]: POST /images/transform?id=images%2F1%2Fkb1jbxnyfzgongqwyylo 200 219 - 1.988 ms {} {"id":"images/1/kb1jbxnyfzgongqwyylo"}
2026-03-16T00:39:03.246Z [info]: OPTIONS /images/transform?id=images%2F1%2Fkb1jbxnyfzgongqwyylo 204 0 - 0.268 ms {} {"id":"images/1/kb1jbxnyfzgongqwyylo"}
2026-03-16T00:39:03.251Z [info]: POST /images/transform?id=images%2F1%2Fkb1jbxnyfzgongqwyylo 200 207 - 3.398 ms {} {"id":"images/1/kb1jbxnyfzgongqwyylo"}
2026-03-16T00:39:08.796Z [info]: POST /images/transform?id=images%2F1%2Fkb1jbxnyfzgongqwyylo 200 211 - 3.303 ms {} {"id":"images/1/kb1jbxnyfzgongqwyylo"}
2026-03-16T00:39:12.356Z [info]: OPTIONS /images/transform?id=images%2F1%2Fkb1jbxnyfzgongqwyylo 204 0 - 0.227 ms {} {"id":"images/1/kb1jbxnyfzgongqwyylo"}
2026-03-16T00:39:12.360Z [info]: POST /images/transform?id=images%2F1%2Fkb1jbxnyfzgongqwyylo 200 212 - 3.169 ms {} {"id":"images/1/kb1jbxnyfzgongqwyylo"}
2026-03-16T00:41:50.010Z [info]: OPTIONS /users/login 204 0 - 1.890 ms {} {}
2026-03-16T00:41:50.085Z [info]: POST /users/login 200 219 - 71.669 ms {} {}
2026-03-16T00:41:55.388Z [info]: OPTIONS /users/login 204 0 - 0.351 ms {} {}
2026-03-16T00:41:55.441Z [info]: POST /users/login 200 219 - 51.226 ms {} {}
2026-03-16T00:42:05.841Z [info]: OPTIONS /users/profile 204 0 - 0.403 ms {} {}
2026-03-16T00:42:05.854Z [info]: GET /users/profile 304 - - 8.291 ms {} {}
2026-03-16T00:42:28.110Z [info]: POST /images 202 159 - 2385.836 ms {} {}
2026-03-16T00:42:28.531Z [info]: OPTIONS /images/24492c60-ee02-4b95-adf4-cf5b217b5795/status 204 0 - 0.251 ms {} {}
2026-03-16T00:42:28.536Z [info]: GET /images/24492c60-ee02-4b95-adf4-cf5b217b5795/status 200 119 - 2.410 ms {"id":"24492c60-ee02-4b95-adf4-cf5b217b5795"} {}
2026-03-16T00:42:35.135Z [info]: OPTIONS /images/24492c60-ee02-4b95-adf4-cf5b217b5795/status 204 0 - 0.411 ms {} {}
2026-03-16T00:42:35.142Z [info]: GET /images/24492c60-ee02-4b95-adf4-cf5b217b5795/status 200 241 - 1.658 ms {"id":"24492c60-ee02-4b95-adf4-cf5b217b5795"} {}
2026-03-16T00:42:37.447Z [info]: OPTIONS /images/images/1/eo6ksmstoqoxjeydrz59 204 0 - 0.301 ms {} {}
2026-03-16T00:42:37.450Z [info]: GET /images/images/1/eo6ksmstoqoxjeydrz59 404 48 - 0.647 ms {} {}
2026-03-16T00:42:43.480Z [info]: OPTIONS /images/images/1/eo6ksmstoqoxjeydrz59 204 0 - 0.351 ms {} {}
2026-03-16T00:42:43.484Z [info]: GET /images/images/1/eo6ksmstoqoxjeydrz59 404 48 - 0.717 ms {} {}
2026-03-16T00:42:52.650Z [info]: OPTIONS /images/images/1/eo6ksmstoqoxjeydrz59 204 0 - 0.240 ms {} {}
2026-03-16T00:42:52.655Z [info]: GET /images/images/1/eo6ksmstoqoxjeydrz59 404 48 - 0.698 ms {} {}
2026-03-16T00:42:53.147Z [info]: OPTIONS /images?page=1&limit=10 204 0 - 0.259 ms {} {"page":"1","limit":"10"}
2026-03-16T00:42:53.154Z [info]: GET /images?page=1&limit=10 200 587 - 5.128 ms {} {"page":"1","limit":"10"}
2026-03-16T00:43:13.799Z [info]: OPTIONS /images/transform?id=images%2F1%2Feo6ksmstoqoxjeydrz59 204 0 - 0.399 ms {} {"id":"images/1/eo6ksmstoqoxjeydrz59"}
2026-03-16T00:43:13.812Z [info]: POST /images/transform?id=images%2F1%2Feo6ksmstoqoxjeydrz59 200 194 - 8.768 ms {} {"id":"images/1/eo6ksmstoqoxjeydrz59"}
2026-03-16T00:43:18.499Z [info]: POST /images/transform?id=images%2F1%2Feo6ksmstoqoxjeydrz59 200 206 - 4.306 ms {} {"id":"images/1/eo6ksmstoqoxjeydrz59"}
2026-03-16T00:43:19.917Z [info]: POST /images/transform?id=images%2F1%2Feo6ksmstoqoxjeydrz59 200 206 - 2.898 ms {} {"id":"images/1/eo6ksmstoqoxjeydrz59"}
2026-03-16T00:43:21.230Z [info]: OPTIONS /images/transform?id=images%2F1%2Feo6ksmstoqoxjeydrz59 204 0 - 0.399 ms {} {"id":"images/1/eo6ksmstoqoxjeydrz59"}
2026-03-16T00:43:21.234Z [info]: POST /images/transform?id=images%2F1%2Feo6ksmstoqoxjeydrz59 200 194 - 2.262 ms {} {"id":"images/1/eo6ksmstoqoxjeydrz59"}
2026-03-16T00:43:32.722Z [info]: OPTIONS /images/transform?id=images%2F1%2Feo6ksmstoqoxjeydrz59 204 0 - 0.238 ms {} {"id":"images/1/eo6ksmstoqoxjeydrz59"}
2026-03-16T00:43:32.732Z [info]: POST /images/transform?id=images%2F1%2Feo6ksmstoqoxjeydrz59 200 202 - 6.679 ms {} {"id":"images/1/eo6ksmstoqoxjeydrz59"}
2026-03-16T00:43:35.508Z [info]: POST /images/transform?id=images%2F1%2Feo6ksmstoqoxjeydrz59 200 194 - 3.545 ms {} {"id":"images/1/eo6ksmstoqoxjeydrz59"}
2026-03-16T00:43:39.632Z [info]: OPTIONS /images/transform?id=images%2F1%2Feo6ksmstoqoxjeydrz59 204 0 - 0.225 ms {} {"id":"images/1/eo6ksmstoqoxjeydrz59"}
2026-03-16T00:43:39.637Z [info]: POST /images/transform?id=images%2F1%2Feo6ksmstoqoxjeydrz59 200 200 - 3.589 ms {} {"id":"images/1/eo6ksmstoqoxjeydrz59"}
2026-03-16T00:43:43.205Z [info]: POST /images/transform?id=images%2F1%2Feo6ksmstoqoxjeydrz59 200 199 - 4.700 ms {} {"id":"images/1/eo6ksmstoqoxjeydrz59"}
2026-03-16T00:43:46.549Z [info]: OPTIONS /images/transform?id=images%2F1%2Feo6ksmstoqoxjeydrz59 204 0 - 0.227 ms {} {"id":"images/1/eo6ksmstoqoxjeydrz59"}
2026-03-16T00:43:46.556Z [info]: POST /images/transform?id=images%2F1%2Feo6ksmstoqoxjeydrz59 200 199 - 4.743 ms {} {"id":"images/1/eo6ksmstoqoxjeydrz59"}
2026-03-16T00:43:56.289Z [info]: OPTIONS /images/transform?id=images%2F1%2Feo6ksmstoqoxjeydrz59 204 0 - 0.308 ms {} {"id":"images/1/eo6ksmstoqoxjeydrz59"}
2026-03-16T00:43:56.296Z [info]: POST /images/transform?id=images%2F1%2Feo6ksmstoqoxjeydrz59 200 200 - 3.968 ms {} {"id":"images/1/eo6ksmstoqoxjeydrz59"}
2026-03-16T00:44:02.258Z [info]: OPTIONS /images/transform?id=images%2F1%2Feo6ksmstoqoxjeydrz59 204 0 - 0.254 ms {} {"id":"images/1/eo6ksmstoqoxjeydrz59"}
2026-03-16T00:44:02.264Z [info]: POST /images/transform?id=images%2F1%2Feo6ksmstoqoxjeydrz59 200 200 - 3.798 ms {} {"id":"images/1/eo6ksmstoqoxjeydrz59"}
2026-03-16T00:44:05.923Z [info]: POST /images/transform?id=images%2F1%2Feo6ksmstoqoxjeydrz59 400 46 - 1.666 ms {} {"id":"images/1/eo6ksmstoqoxjeydrz59"}
2026-03-16T00:44:08.207Z [info]: OPTIONS /images/transform?id=images%2F1%2Feo6ksmstoqoxjeydrz59 204 0 - 0.213 ms {} {"id":"images/1/eo6ksmstoqoxjeydrz59"}
2026-03-16T00:44:08.210Z [info]: POST /images/transform?id=images%2F1%2Feo6ksmstoqoxjeydrz59 400 46 - 0.912 ms {} {"id":"images/1/eo6ksmstoqoxjeydrz59"}
2026-03-16T00:45:03.989Z [info]: OPTIONS /images/transform?id=images%2F1%2Feo6ksmstoqoxjeydrz59 204 0 - 0.218 ms {} {"id":"images/1/eo6ksmstoqoxjeydrz59"}
2026-03-16T00:45:03.995Z [info]: POST /images/transform?id=images%2F1%2Feo6ksmstoqoxjeydrz59 200 194 - 1.965 ms {} {"id":"images/1/eo6ksmstoqoxjeydrz59"}
2026-03-16T00:45:33.683Z [info]: OPTIONS /images/transform?id=images%2F1%2Feo6ksmstoqoxjeydrz59 204 0 - 1.831 ms {} {"id":"images/1/eo6ksmstoqoxjeydrz59"}
2026-03-16T00:45:33.701Z [info]: POST /images/transform?id=images%2F1%2Feo6ksmstoqoxjeydrz59 400 46 - 13.465 ms {} {"id":"images/1/eo6ksmstoqoxjeydrz59"}
2026-03-16T00:45:36.517Z [info]: POST /images/transform?id=images%2F1%2Feo6ksmstoqoxjeydrz59 200 198 - 12.120 ms {} {"id":"images/1/eo6ksmstoqoxjeydrz59"}
2026-03-16T00:46:13.561Z [info]: OPTIONS /images/transform?id=images%2F1%2Feo6ksmstoqoxjeydrz59 204 0 - 1.762 ms {} {"id":"images/1/eo6ksmstoqoxjeydrz59"}
2026-03-16T00:46:13.578Z [info]: POST /images/transform?id=images%2F1%2Feo6ksmstoqoxjeydrz59 400 46 - 11.897 ms {} {"id":"images/1/eo6ksmstoqoxjeydrz59"}
2026-03-16T00:46:31.029Z [info]: OPTIONS /images/transform?id=images%2F1%2Feo6ksmstoqoxjeydrz59 204 0 - 1.695 ms {} {"id":"images/1/eo6ksmstoqoxjeydrz59"}
2026-03-16T00:46:31.043Z [info]: POST /images/transform?id=images%2F1%2Feo6ksmstoqoxjeydrz59 400 46 - 11.218 ms {} {"id":"images/1/eo6ksmstoqoxjeydrz59"}
2026-03-16T00:46:36.215Z [info]: OPTIONS /images/transform?id=images%2F1%2Feo6ksmstoqoxjeydrz59 204 0 - 0.344 ms {} {"id":"images/1/eo6ksmstoqoxjeydrz59"}
2026-03-16T00:46:36.218Z [info]: POST /images/transform?id=images%2F1%2Feo6ksmstoqoxjeydrz59 400 46 - 1.283 ms {} {"id":"images/1/eo6ksmstoqoxjeydrz59"}
2026-03-16T00:49:40.578Z [info]: OPTIONS /images/transform?id=images%2F1%2Feo6ksmstoqoxjeydrz59 204 0 - 1.580 ms {} {"id":"images/1/eo6ksmstoqoxjeydrz59"}
2026-03-16T00:49:40.610Z [info]: POST /images/transform?id=images%2F1%2Feo6ksmstoqoxjeydrz59 200 194 - 27.221 ms {} {"id":"images/1/eo6ksmstoqoxjeydrz59"}
2026-03-16T00:50:28.067Z [info]: OPTIONS /images/images/1/eo6ksmstoqoxjeydrz59 204 0 - 1.764 ms {} {}
2026-03-16T00:50:28.074Z [info]: GET /images/images/1/eo6ksmstoqoxjeydrz59 404 48 - 2.374 ms {} {}
2026-03-16T00:50:39.717Z [info]: OPTIONS /images/24492c60-ee02-4b95-adf4-cf5b217b5795/status 204 0 - 0.283 ms {} {}
2026-03-16T00:50:39.730Z [info]: GET /images/24492c60-ee02-4b95-adf4-cf5b217b5795/status 304 - - 8.995 ms {"id":"24492c60-ee02-4b95-adf4-cf5b217b5795"} {}
2026-03-16T00:50:43.952Z [info]: OPTIONS /images/images/1/eo6ksmstoqoxjeydrz59 204 0 - 0.328 ms {} {}
2026-03-16T00:50:43.954Z [info]: GET /images/images/1/eo6ksmstoqoxjeydrz59 404 48 - 0.414 ms {} {}
2026-03-16T00:52:13.598Z [info]: OPTIONS /images/get-image/images/1/eo6ksmstoqoxjeydrz59 204 0 - 1.979 ms {} {}
2026-03-16T00:52:13.606Z [info]: GET /images/get-image/images/1/eo6ksmstoqoxjeydrz59 404 48 - 2.464 ms {} {}
2026-03-16T00:54:46.684Z [info]: OPTIONS /users/login 204 0 - 2.959 ms {} {}
2026-03-16T00:54:46.763Z [info]: POST /users/login 200 219 - 75.172 ms {} {}
2026-03-16T00:54:47.083Z [info]: OPTIONS /users/profile 204 0 - 0.277 ms {} {}
2026-03-16T00:54:47.093Z [info]: GET /users/profile 304 - - 7.859 ms {} {}
2026-03-16T00:54:51.936Z [info]: POST /images 202 159 - 57.878 ms {} {}
2026-03-16T00:54:53.069Z [info]: OPTIONS /images/313e8163-db77-4667-959a-45e082eb68f7/status 204 0 - 0.251 ms {} {}
2026-03-16T00:54:53.073Z [info]: GET /images/313e8163-db77-4667-959a-45e082eb68f7/status 200 119 - 2.089 ms {"id":"313e8163-db77-4667-959a-45e082eb68f7"} {}
2026-03-16T00:54:54.115Z [info]: GET /images/313e8163-db77-4667-959a-45e082eb68f7/status 304 - - 1.958 ms {"id":"313e8163-db77-4667-959a-45e082eb68f7"} {}
2026-03-16T00:54:54.900Z [info]: GET /images/313e8163-db77-4667-959a-45e082eb68f7/status 200 241 - 2.934 ms {"id":"313e8163-db77-4667-959a-45e082eb68f7"} {}
2026-03-16T00:54:57.072Z [info]: OPTIONS /images/get-image?publicId=images/1/gqvqyknaw4opyxim1xdv 204 0 - 0.317 ms {} {"publicId":"images/1/gqvqyknaw4opyxim1xdv"}
2026-03-16T00:54:57.075Z [info]: GET /images/get-image?publicId=images/1/gqvqyknaw4opyxim1xdv 400 46 - 1.378 ms {} {"publicId":"images/1/gqvqyknaw4opyxim1xdv"}
2026-03-16T00:55:31.042Z [info]: OPTIONS /images/get-image?publicId=images/1/gqvqyknaw4opyxim1xdv 204 0 - 1.797 ms {} {"publicId":"images/1/gqvqyknaw4opyxim1xdv"}
2026-03-16T00:55:31.057Z [info]: GET /images/get-image?publicId=images/1/gqvqyknaw4opyxim1xdv 200 133 - 11.035 ms {} {"publicId":"images/1/gqvqyknaw4opyxim1xdv"}
2026-03-16T00:55:34.752Z [info]: GET /images/get-image?publicId=images/1/gqvqyknaw4opyxim1xdv 304 - - 2.557 ms {} {"publicId":"images/1/gqvqyknaw4opyxim1xdv"}
2026-03-16T00:55:38.094Z [info]: OPTIONS /images?page=1&limit=10 204 0 - 0.303 ms {} {"page":"1","limit":"10"}
2026-03-16T00:55:38.109Z [info]: GET /images?page=1&limit=10 200 851 - 11.571 ms {} {"page":"1","limit":"10"}
2026-03-16T00:55:51.715Z [info]: OPTIONS /images/transform?id=images%2F1%2Fgqvqyknaw4opyxim1xdv 204 0 - 0.401 ms {} {"id":"images/1/gqvqyknaw4opyxim1xdv"}
2026-03-16T00:55:51.736Z [info]: POST /images/transform?id=images%2F1%2Fgqvqyknaw4opyxim1xdv 200 194 - 17.545 ms {} {"id":"images/1/gqvqyknaw4opyxim1xdv"}
2026-03-16T00:55:54.753Z [info]: POST /images/transform?id=images%2F1%2Fgqvqyknaw4opyxim1xdv 200 206 - 4.680 ms {} {"id":"images/1/gqvqyknaw4opyxim1xdv"}
2026-03-16T00:55:56.777Z [info]: OPTIONS /images/transform?id=images%2F1%2Fgqvqyknaw4opyxim1xdv 204 0 - 0.284 ms {} {"id":"images/1/gqvqyknaw4opyxim1xdv"}
2026-03-16T00:55:56.783Z [info]: POST /images/transform?id=images%2F1%2Fgqvqyknaw4opyxim1xdv 200 214 - 4.187 ms {} {"id":"images/1/gqvqyknaw4opyxim1xdv"}
2026-03-16T01:26:40.469Z [info]: OPTIONS /users/login 204 0 - 0.279 ms {} {}
2026-03-16T01:26:40.528Z [info]: POST /users/login 200 219 - 55.781 ms {} {}
2026-03-16T01:26:41.270Z [info]: OPTIONS /users/profile 204 0 - 0.357 ms {} {}
2026-03-16T01:26:41.278Z [info]: GET /users/profile 304 - - 4.972 ms {} {}
2026-03-16T01:26:48.586Z [info]: POST /images 202 159 - 28.921 ms {} {}
2026-03-16T01:26:49.974Z [info]: OPTIONS /images/1acd79b1-5656-4b75-afe5-1bb88b787c69/status 204 0 - 0.211 ms {} {}
2026-03-16T01:26:49.977Z [info]: GET /images/1acd79b1-5656-4b75-afe5-1bb88b787c69/status 200 119 - 2.044 ms {"id":"1acd79b1-5656-4b75-afe5-1bb88b787c69"} {}
2026-03-16T01:26:51.243Z [info]: GET /images/1acd79b1-5656-4b75-afe5-1bb88b787c69/status 304 - - 1.671 ms {"id":"1acd79b1-5656-4b75-afe5-1bb88b787c69"} {}
2026-03-16T01:26:52.530Z [info]: GET /images/1acd79b1-5656-4b75-afe5-1bb88b787c69/status 304 - - 1.582 ms {"id":"1acd79b1-5656-4b75-afe5-1bb88b787c69"} {}
2026-03-16T01:26:53.544Z [info]: GET /images/1acd79b1-5656-4b75-afe5-1bb88b787c69/status 304 - - 1.675 ms {"id":"1acd79b1-5656-4b75-afe5-1bb88b787c69"} {}
2026-03-16T01:26:55.787Z [info]: OPTIONS /images/1acd79b1-5656-4b75-afe5-1bb88b787c69/status 204 0 - 0.234 ms {} {}
2026-03-16T01:26:55.790Z [info]: GET /images/1acd79b1-5656-4b75-afe5-1bb88b787c69/status 200 241 - 1.251 ms {"id":"1acd79b1-5656-4b75-afe5-1bb88b787c69"} {}
2026-03-16T01:26:57.739Z [info]: OPTIONS /images/get-image?publicId=images/1/ozxxwpa8gue335vnnluv 204 0 - 0.330 ms {} {"publicId":"images/1/ozxxwpa8gue335vnnluv"}
2026-03-16T01:26:57.743Z [info]: GET /images/get-image?publicId=images/1/ozxxwpa8gue335vnnluv 200 133 - 2.028 ms {} {"publicId":"images/1/ozxxwpa8gue335vnnluv"}
2026-03-16T01:27:02.138Z [info]: OPTIONS /images?page=1&limit=10 204 0 - 0.270 ms {} {"page":"1","limit":"10"}
2026-03-16T01:27:02.144Z [info]: GET /images?page=1&limit=10 200 1115 - 4.474 ms {} {"page":"1","limit":"10"}
2026-03-16T01:27:48.007Z [info]: OPTIONS /images/transform?id=images%2F1%2Fgqvqyknaw4opyxim1xdv 204 0 - 0.202 ms {} {"id":"images/1/gqvqyknaw4opyxim1xdv"}
2026-03-16T01:27:48.015Z [info]: POST /images/transform?id=images%2F1%2Fgqvqyknaw4opyxim1xdv 200 206 - 4.542 ms {} {"id":"images/1/gqvqyknaw4opyxim1xdv"}
2026-03-16T01:27:50.456Z [info]: POST /images/transform?id=images%2F1%2Fgqvqyknaw4opyxim1xdv 200 194 - 4.377 ms {} {"id":"images/1/gqvqyknaw4opyxim1xdv"}
2026-03-16T01:28:00.903Z [info]: OPTIONS /images/transform?id=images%2F1%2Fkb1jbxnyfzgongqwyylo 204 0 - 0.223 ms {} {"id":"images/1/kb1jbxnyfzgongqwyylo"}
2026-03-16T01:28:00.909Z [info]: POST /images/transform?id=images%2F1%2Fkb1jbxnyfzgongqwyylo 200 194 - 2.998 ms {} {"id":"images/1/kb1jbxnyfzgongqwyylo"}
2026-03-16T01:28:11.552Z [info]: OPTIONS /images/transform?id=images%2F1%2Fgqvqyknaw4opyxim1xdv 204 0 - 0.226 ms {} {"id":"images/1/gqvqyknaw4opyxim1xdv"}
2026-03-16T01:28:11.559Z [info]: POST /images/transform?id=images%2F1%2Fgqvqyknaw4opyxim1xdv 200 194 - 2.939 ms {} {"id":"images/1/gqvqyknaw4opyxim1xdv"}
2026-03-16T01:28:21.706Z [info]: OPTIONS /images/transform?id=images%2F1%2Feo6ksmstoqoxjeydrz59 204 0 - 0.219 ms {} {"id":"images/1/eo6ksmstoqoxjeydrz59"}
2026-03-16T01:28:21.713Z [info]: POST /images/transform?id=images%2F1%2Feo6ksmstoqoxjeydrz59 200 194 - 3.053 ms {} {"id":"images/1/eo6ksmstoqoxjeydrz59"}
2026-03-16T01:28:27.074Z [info]: OPTIONS /images/transform?id=images%2F1%2Feo6ksmstoqoxjeydrz59 204 0 - 0.229 ms {} {"id":"images/1/eo6ksmstoqoxjeydrz59"}
2026-03-16T01:28:27.077Z [info]: POST /images/transform?id=images%2F1%2Feo6ksmstoqoxjeydrz59 400 46 - 1.286 ms {} {"id":"images/1/eo6ksmstoqoxjeydrz59"}
2026-03-16T01:28:33.752Z [info]: OPTIONS /images/transform?id=images%2F1%2Feo6ksmstoqoxjeydrz59 204 0 - 0.249 ms {} {"id":"images/1/eo6ksmstoqoxjeydrz59"}
2026-03-16T01:28:33.757Z [info]: POST /images/transform?id=images%2F1%2Feo6ksmstoqoxjeydrz59 200 194 - 2.631 ms {} {"id":"images/1/eo6ksmstoqoxjeydrz59"}
2026-03-16T01:28:48.978Z [info]: OPTIONS /images/transform?id=images%2F1%2Feo6ksmstoqoxjeydrz59 204 0 - 0.288 ms {} {"id":"images/1/eo6ksmstoqoxjeydrz59"}
2026-03-16T01:28:48.984Z [info]: POST /images/transform?id=images%2F1%2Feo6ksmstoqoxjeydrz59 200 194 - 2.566 ms {} {"id":"images/1/eo6ksmstoqoxjeydrz59"}
2026-03-16T01:29:29.228Z [info]: OPTIONS /images/transform?id=images%2F1%2Feo6ksmstoqoxjeydrz59 204 0 - 0.321 ms {} {"id":"images/1/eo6ksmstoqoxjeydrz59"}
2026-03-16T01:29:29.236Z [info]: POST /images/transform?id=images%2F1%2Feo6ksmstoqoxjeydrz59 200 194 - 3.542 ms {} {"id":"images/1/eo6ksmstoqoxjeydrz59"}
2026-03-16T01:29:34.572Z [info]: OPTIONS /images/transform?id=images%2F1%2Feo6ksmstoqoxjeydrz59 204 0 - 0.270 ms {} {"id":"images/1/eo6ksmstoqoxjeydrz59"}
2026-03-16T01:29:34.575Z [info]: POST /images/transform?id=images%2F1%2Feo6ksmstoqoxjeydrz59 400 46 - 1.145 ms {} {"id":"images/1/eo6ksmstoqoxjeydrz59"}
2026-03-16T01:29:36.391Z [info]: POST /images/transform?id=images%2F1%2Feo6ksmstoqoxjeydrz59 400 46 - 0.943 ms {} {"id":"images/1/eo6ksmstoqoxjeydrz59"}
2026-03-16T01:29:39.852Z [info]: OPTIONS /images/transform?id=images%2F1%2Feo6ksmstoqoxjeydrz59 204 0 - 0.437 ms {} {"id":"images/1/eo6ksmstoqoxjeydrz59"}
2026-03-16T01:29:39.857Z [info]: POST /images/transform?id=images%2F1%2Feo6ksmstoqoxjeydrz59 200 180 - 3.464 ms {} {"id":"images/1/eo6ksmstoqoxjeydrz59"}
2026-03-16T01:31:14.763Z [info]: OPTIONS /images/transform?id=images%2F1%2Feo6ksmstoqoxjeydrz59 204 0 - 0.290 ms {} {"id":"images/1/eo6ksmstoqoxjeydrz59"}
2026-03-16T01:31:14.769Z [info]: POST /images/transform?id=images%2F1%2Feo6ksmstoqoxjeydrz59 200 180 - 1.952 ms {} {"id":"images/1/eo6ksmstoqoxjeydrz59"}
2026-03-16T01:31:17.086Z [info]: POST /images/transform?id=images%2F1%2Feo6ksmstoqoxjeydrz59 200 192 - 2.775 ms {} {"id":"images/1/eo6ksmstoqoxjeydrz59"}
2026-03-16T01:31:21.191Z [info]: OPTIONS /images/transform?id=images%2F1%2Feo6ksmstoqoxjeydrz59 204 0 - 0.210 ms {} {"id":"images/1/eo6ksmstoqoxjeydrz59"}
2026-03-16T01:31:21.195Z [info]: POST /images/transform?id=images%2F1%2Feo6ksmstoqoxjeydrz59 200 188 - 2.513 ms {} {"id":"images/1/eo6ksmstoqoxjeydrz59"}
2026-03-16T01:32:01.450Z [info]: OPTIONS /users/register 204 0 - 0.179 ms {} {}
2026-03-16T01:32:01.456Z [info]: POST /users/register 409 50 - 2.174 ms {} {}
2026-03-16T01:32:04.291Z [info]: OPTIONS /users/login 204 0 - 0.213 ms {} {}
2026-03-16T01:32:04.342Z [info]: POST /users/login 200 219 - 49.264 ms {} {}
2026-03-16T01:32:04.614Z [info]: OPTIONS /users/profile 204 0 - 0.230 ms {} {}
2026-03-16T01:32:04.620Z [info]: GET /users/profile 304 - - 3.316 ms {} {}
2026-03-16T01:32:16.562Z [info]: POST /images 202 159 - 16.767 ms {} {}
2026-03-16T01:32:19.500Z [info]: OPTIONS /images/90c85a80-d7b8-4a14-b6c7-7fa8f6d6ed01/status 204 0 - 0.207 ms {} {}
2026-03-16T01:32:19.504Z [info]: GET /images/90c85a80-d7b8-4a14-b6c7-7fa8f6d6ed01/status 200 241 - 3.138 ms {"id":"90c85a80-d7b8-4a14-b6c7-7fa8f6d6ed01"} {}
2026-03-16T01:32:20.995Z [info]: OPTIONS /images/get-image?publicId=images/1/ur4epngkdmzvkqor3rx9 204 0 - 0.212 ms {} {"publicId":"images/1/ur4epngkdmzvkqor3rx9"}
2026-03-16T01:32:20.998Z [info]: GET /images/get-image?publicId=images/1/ur4epngkdmzvkqor3rx9 200 133 - 1.494 ms {} {"publicId":"images/1/ur4epngkdmzvkqor3rx9"}
2026-03-16T01:32:23.887Z [info]: OPTIONS /images?page=1&limit=10 204 0 - 0.233 ms {} {"page":"1","limit":"10"}
2026-03-16T01:32:23.892Z [info]: GET /images?page=1&limit=10 200 1379 - 2.892 ms {} {"page":"1","limit":"10"}
2026-03-16T01:32:35.001Z [info]: OPTIONS /images/transform?id=images%2F1%2Fur4epngkdmzvkqor3rx9 204 0 - 0.251 ms {} {"id":"images/1/ur4epngkdmzvkqor3rx9"}
2026-03-16T01:32:35.008Z [info]: POST /images/transform?id=images%2F1%2Fur4epngkdmzvkqor3rx9 200 194 - 3.061 ms {} {"id":"images/1/ur4epngkdmzvkqor3rx9"}
2026-03-16T01:32:50.088Z [info]: OPTIONS /images/transform?id=images%2F1%2Fur4epngkdmzvkqor3rx9 204 0 - 0.202 ms {} {"id":"images/1/ur4epngkdmzvkqor3rx9"}
2026-03-16T01:32:50.093Z [info]: POST /images/transform?id=images%2F1%2Fur4epngkdmzvkqor3rx9 400 46 - 1.877 ms {} {"id":"images/1/ur4epngkdmzvkqor3rx9"}
2026-03-16T01:32:54.015Z [info]: POST /images/transform?id=images%2F1%2Fur4epngkdmzvkqor3rx9 200 187 - 3.677 ms {} {"id":"images/1/ur4epngkdmzvkqor3rx9"}
2026-03-16T12:51:37.460Z [info]: OPTIONS /users/login 204 0 - 1.934 ms {} {}
2026-03-16T12:51:37.574Z [info]: POST /users/login 200 219 - 110.136 ms {} {}
2026-03-16T12:51:38.130Z [info]: OPTIONS /users/profile 204 0 - 0.366 ms {} {}
2026-03-16T12:51:38.140Z [info]: GET /users/profile 304 - - 7.631 ms {} {}
2026-03-16T12:51:53.012Z [info]: POST /images 202 159 - 32.329 ms {} {}
2026-03-16T12:51:54.092Z [info]: OPTIONS /images/e585a642-f727-4c96-bb62-5ee243d9fc3a/status 204 0 - 0.240 ms {} {}
2026-03-16T12:51:54.096Z [info]: GET /images/e585a642-f727-4c96-bb62-5ee243d9fc3a/status 200 119 - 2.280 ms {"id":"e585a642-f727-4c96-bb62-5ee243d9fc3a"} {}
2026-03-16T12:51:56.740Z [info]: GET /images/e585a642-f727-4c96-bb62-5ee243d9fc3a/status 304 - - 2.127 ms {"id":"e585a642-f727-4c96-bb62-5ee243d9fc3a"} {}
2026-03-16T12:51:58.609Z [info]: GET /images/e585a642-f727-4c96-bb62-5ee243d9fc3a/status 200 241 - 1.977 ms {"id":"e585a642-f727-4c96-bb62-5ee243d9fc3a"} {}
2026-03-16T12:52:00.388Z [info]: OPTIONS /images/get-image?publicId=images/1/qxln1pzbusnlyj6kmyxh 204 0 - 0.319 ms {} {"publicId":"images/1/qxln1pzbusnlyj6kmyxh"}
2026-03-16T12:52:00.394Z [info]: GET /images/get-image?publicId=images/1/qxln1pzbusnlyj6kmyxh 200 133 - 4.442 ms {} {"publicId":"images/1/qxln1pzbusnlyj6kmyxh"}
2026-03-16T12:52:27.974Z [info]: OPTIONS /images/transform?id=images%2F1%2Fqxln1pzbusnlyj6kmyxh 204 0 - 0.445 ms {} {"id":"images/1/qxln1pzbusnlyj6kmyxh"}
2026-03-16T12:52:27.985Z [info]: POST /images/transform?id=images%2F1%2Fqxln1pzbusnlyj6kmyxh 200 201 - 7.314 ms {} {"id":"images/1/qxln1pzbusnlyj6kmyxh"}
2026-03-16T12:52:38.440Z [info]: OPTIONS /images/transform?id=images%2F1%2Fqxln1pzbusnlyj6kmyxh 204 0 - 0.290 ms {} {"id":"images/1/qxln1pzbusnlyj6kmyxh"}
2026-03-16T12:52:38.446Z [info]: POST /images/transform?id=images%2F1%2Fqxln1pzbusnlyj6kmyxh 200 201 - 2.398 ms {} {"id":"images/1/qxln1pzbusnlyj6kmyxh"}
2026-03-16T12:52:59.554Z [info]: OPTIONS /images/transform?id=images%2F1%2Fqxln1pzbusnlyj6kmyxh 204 0 - 0.251 ms {} {"id":"images/1/qxln1pzbusnlyj6kmyxh"}
2026-03-16T12:52:59.560Z [info]: POST /images/transform?id=images%2F1%2Fqxln1pzbusnlyj6kmyxh 200 201 - 2.516 ms {} {"id":"images/1/qxln1pzbusnlyj6kmyxh"}
2026-03-16T12:53:14.760Z [info]: OPTIONS /images/transform?id=images%2F1%2Fqxln1pzbusnlyj6kmyxh 204 0 - 0.321 ms {} {"id":"images/1/qxln1pzbusnlyj6kmyxh"}
2026-03-16T12:53:14.767Z [info]: POST /images/transform?id=images%2F1%2Fqxln1pzbusnlyj6kmyxh 200 201 - 2.191 ms {} {"id":"images/1/qxln1pzbusnlyj6kmyxh"}
2026-03-16T12:53:32.194Z [info]: OPTIONS /images/transform?id=images%2F1%2Fqxln1pzbusnlyj6kmyxh 204 0 - 0.323 ms {} {"id":"images/1/qxln1pzbusnlyj6kmyxh"}
2026-03-16T12:53:32.201Z [info]: POST /images/transform?id=images%2F1%2Fqxln1pzbusnlyj6kmyxh 200 201 - 3.421 ms {} {"id":"images/1/qxln1pzbusnlyj6kmyxh"}
2026-03-16T12:54:03.597Z [info]: OPTIONS /images/transform?id=images%2F1%2Fqxln1pzbusnlyj6kmyxh 204 0 - 0.340 ms {} {"id":"images/1/qxln1pzbusnlyj6kmyxh"}
2026-03-16T12:54:03.608Z [info]: POST /images/transform?id=images%2F1%2Fqxln1pzbusnlyj6kmyxh 200 201 - 6.863 ms {} {"id":"images/1/qxln1pzbusnlyj6kmyxh"}
2026-03-16T12:54:19.677Z [info]: OPTIONS /images/transform?id=images%2F1%2Fqxln1pzbusnlyj6kmyxh 204 0 - 0.222 ms {} {"id":"images/1/qxln1pzbusnlyj6kmyxh"}
2026-03-16T12:54:19.686Z [info]: POST /images/transform?id=images%2F1%2Fqxln1pzbusnlyj6kmyxh 200 201 - 2.900 ms {} {"id":"images/1/qxln1pzbusnlyj6kmyxh"}
2026-03-16T12:54:32.624Z [info]: OPTIONS /images/transform?id=images%2F1%2Fqxln1pzbusnlyj6kmyxh 204 0 - 0.295 ms {} {"id":"images/1/qxln1pzbusnlyj6kmyxh"}
2026-03-16T12:54:32.633Z [info]: POST /images/transform?id=images%2F1%2Fqxln1pzbusnlyj6kmyxh 200 201 - 4.085 ms {} {"id":"images/1/qxln1pzbusnlyj6kmyxh"}
2026-03-16T12:54:38.255Z [info]: OPTIONS /images/transform?id=images%2F1%2Fqxln1pzbusnlyj6kmyxh 204 0 - 0.382 ms {} {"id":"images/1/qxln1pzbusnlyj6kmyxh"}
2026-03-16T12:54:38.260Z [info]: POST /images/transform?id=images%2F1%2Fqxln1pzbusnlyj6kmyxh 200 201 - 2.556 ms {} {"id":"images/1/qxln1pzbusnlyj6kmyxh"}
2026-03-16T12:54:55.928Z [info]: OPTIONS /images/transform?id=images%2F1%2Fqxln1pzbusnlyj6kmyxh 204 0 - 0.341 ms {} {"id":"images/1/qxln1pzbusnlyj6kmyxh"}
2026-03-16T12:54:55.937Z [info]: POST /images/transform?id=images%2F1%2Fqxln1pzbusnlyj6kmyxh 200 213 - 5.095 ms {} {"id":"images/1/qxln1pzbusnlyj6kmyxh"}
2026-03-16T12:55:03.428Z [info]: OPTIONS /images/transform?id=images%2F1%2Fqxln1pzbusnlyj6kmyxh 204 0 - 0.371 ms {} {"id":"images/1/qxln1pzbusnlyj6kmyxh"}
2026-03-16T12:55:03.435Z [info]: POST /images/transform?id=images%2F1%2Fqxln1pzbusnlyj6kmyxh 200 201 - 3.612 ms {} {"id":"images/1/qxln1pzbusnlyj6kmyxh"}
2026-03-16T12:55:18.514Z [info]: OPTIONS /images/transform?id=images%2F1%2Fqxln1pzbusnlyj6kmyxh 204 0 - 0.216 ms {} {"id":"images/1/qxln1pzbusnlyj6kmyxh"}
2026-03-16T12:55:18.521Z [info]: POST /images/transform?id=images%2F1%2Fqxln1pzbusnlyj6kmyxh 200 201 - 3.030 ms {} {"id":"images/1/qxln1pzbusnlyj6kmyxh"}
2026-03-16T12:55:31.456Z [info]: OPTIONS /images/transform?id=images%2F1%2Fqxln1pzbusnlyj6kmyxh 204 0 - 0.226 ms {} {"id":"images/1/qxln1pzbusnlyj6kmyxh"}
2026-03-16T12:55:31.462Z [info]: POST /images/transform?id=images%2F1%2Fqxln1pzbusnlyj6kmyxh 200 201 - 2.078 ms {} {"id":"images/1/qxln1pzbusnlyj6kmyxh"}
2026-03-16T12:56:38.759Z [info]: OPTIONS /images/transform?id=images%2F1%2Fqxln1pzbusnlyj6kmyxh 204 0 - 1.680 ms {} {"id":"images/1/qxln1pzbusnlyj6kmyxh"}
2026-03-16T12:56:38.778Z [info]: POST /images/transform?id=images%2F1%2Fqxln1pzbusnlyj6kmyxh 200 201 - 16.292 ms {} {"id":"images/1/qxln1pzbusnlyj6kmyxh"}
2026-03-16T12:57:21.478Z [info]: OPTIONS /images/transform?id=images%2F1%2Fqxln1pzbusnlyj6kmyxh 204 0 - 0.294 ms {} {"id":"images/1/qxln1pzbusnlyj6kmyxh"}
2026-03-16T12:57:21.486Z [info]: POST /images/transform?id=images%2F1%2Fqxln1pzbusnlyj6kmyxh 200 201 - 2.984 ms {} {"id":"images/1/qxln1pzbusnlyj6kmyxh"}
2026-03-16T12:57:31.547Z [info]: OPTIONS /images/transform?id=images%2F1%2Fqxln1pzbusnlyj6kmyxh 204 0 - 0.302 ms {} {"id":"images/1/qxln1pzbusnlyj6kmyxh"}
2026-03-16T12:57:31.555Z [info]: POST /images/transform?id=images%2F1%2Fqxln1pzbusnlyj6kmyxh 200 201 - 4.001 ms {} {"id":"images/1/qxln1pzbusnlyj6kmyxh"}
2026-03-16T12:57:50.731Z [info]: OPTIONS /images/transform?id=images%2F1%2Fqxln1pzbusnlyj6kmyxh 204 0 - 0.341 ms {} {"id":"images/1/qxln1pzbusnlyj6kmyxh"}
2026-03-16T12:57:50.737Z [info]: POST /images/transform?id=images%2F1%2Fqxln1pzbusnlyj6kmyxh 200 201 - 2.581 ms {} {"id":"images/1/qxln1pzbusnlyj6kmyxh"}
2026-03-16T12:58:47.495Z [info]: OPTIONS /images/transform?id=images%2F1%2Fqxln1pzbusnlyj6kmyxh 204 0 - 1.673 ms {} {"id":"images/1/qxln1pzbusnlyj6kmyxh"}
2026-03-16T12:58:47.514Z [info]: POST /images/transform?id=images%2F1%2Fqxln1pzbusnlyj6kmyxh 200 201 - 16.619 ms {} {"id":"images/1/qxln1pzbusnlyj6kmyxh"}
2026-03-16T12:58:55.552Z [info]: OPTIONS /images/transform?id=images%2F1%2Fqxln1pzbusnlyj6kmyxh 204 0 - 0.254 ms {} {"id":"images/1/qxln1pzbusnlyj6kmyxh"}
2026-03-16T12:58:55.558Z [info]: POST /images/transform?id=images%2F1%2Fqxln1pzbusnlyj6kmyxh 200 201 - 2.759 ms {} {"id":"images/1/qxln1pzbusnlyj6kmyxh"}
2026-03-16T12:59:46.427Z [info]: OPTIONS /images/transform?id=images%2F1%2Fqxln1pzbusnlyj6kmyxh 204 0 - 1.815 ms {} {"id":"images/1/qxln1pzbusnlyj6kmyxh"}
2026-03-16T12:59:46.450Z [info]: POST /images/transform?id=images%2F1%2Fqxln1pzbusnlyj6kmyxh 200 201 - 19.132 ms {} {"id":"images/1/qxln1pzbusnlyj6kmyxh"}
2026-03-16T12:59:54.390Z [info]: OPTIONS /images/transform?id=images%2F1%2Fqxln1pzbusnlyj6kmyxh 204 0 - 0.273 ms {} {"id":"images/1/qxln1pzbusnlyj6kmyxh"}
2026-03-16T12:59:54.396Z [info]: POST /images/transform?id=images%2F1%2Fqxln1pzbusnlyj6kmyxh 200 201 - 2.759 ms {} {"id":"images/1/qxln1pzbusnlyj6kmyxh"}
2026-03-16T13:00:26.321Z [info]: OPTIONS /users/login 204 0 - 0.213 ms {} {}
2026-03-16T13:00:26.382Z [info]: POST /users/login 200 219 - 57.575 ms {} {}
2026-03-16T13:00:26.905Z [info]: OPTIONS /users/profile 204 0 - 0.326 ms {} {}
2026-03-16T13:00:26.913Z [info]: GET /users/profile 304 - - 6.607 ms {} {}
2026-03-16T13:00:33.551Z [info]: POST /images 202 159 - 30.048 ms {} {}
2026-03-16T13:00:35.202Z [info]: OPTIONS /images/5ed62301-5413-40d4-ada2-ef32c0288671/status 204 0 - 0.372 ms {} {}
2026-03-16T13:00:35.205Z [info]: GET /images/5ed62301-5413-40d4-ada2-ef32c0288671/status 200 119 - 2.139 ms {"id":"5ed62301-5413-40d4-ada2-ef32c0288671"} {}
2026-03-16T13:00:37.486Z [info]: GET /images/5ed62301-5413-40d4-ada2-ef32c0288671/status 200 241 - 2.200 ms {"id":"5ed62301-5413-40d4-ada2-ef32c0288671"} {}
2026-03-16T13:00:48.867Z [info]: OPTIONS /images/transform?id=images%2F1%2Fb3mof7djpxjkt7zy6xlg 204 0 - 0.288 ms {} {"id":"images/1/b3mof7djpxjkt7zy6xlg"}
2026-03-16T13:00:48.874Z [info]: POST /images/transform?id=images%2F1%2Fb3mof7djpxjkt7zy6xlg 400 46 - 1.903 ms {} {"id":"images/1/b3mof7djpxjkt7zy6xlg"}
2026-03-16T13:00:50.440Z [info]: POST /images/transform?id=images%2F1%2Fb3mof7djpxjkt7zy6xlg 400 46 - 1.356 ms {} {"id":"images/1/b3mof7djpxjkt7zy6xlg"}
2026-03-16T13:01:01.422Z [info]: OPTIONS /images/transform?id=images%2F1%2Fb3mof7djpxjkt7zy6xlg 204 0 - 0.413 ms {} {"id":"images/1/b3mof7djpxjkt7zy6xlg"}
2026-03-16T13:01:01.428Z [info]: POST /images/transform?id=images%2F1%2Fb3mof7djpxjkt7zy6xlg 400 46 - 1.772 ms {} {"id":"images/1/b3mof7djpxjkt7zy6xlg"}
2026-03-16T13:01:05.413Z [info]: POST /images/transform?id=images%2F1%2Fb3mof7djpxjkt7zy6xlg 400 46 - 1.212 ms {} {"id":"images/1/b3mof7djpxjkt7zy6xlg"}
2026-03-16T13:01:16.609Z [info]: OPTIONS /images/transform?id=images%2F1%2Fb3mof7djpxjkt7zy6xlg 204 0 - 0.343 ms {} {"id":"images/1/b3mof7djpxjkt7zy6xlg"}
2026-03-16T13:01:16.614Z [info]: POST /images/transform?id=images%2F1%2Fb3mof7djpxjkt7zy6xlg 400 46 - 1.177 ms {} {"id":"images/1/b3mof7djpxjkt7zy6xlg"}
2026-03-16T13:05:32.775Z [info]: OPTIONS /users/register 204 0 - 1.882 ms {} {}
2026-03-16T13:05:32.799Z [info]: POST /users/register 409 50 - 20.360 ms {} {}
2026-03-16T13:05:33.924Z [info]: OPTIONS /users/login 204 0 - 0.365 ms {} {}
2026-03-16T13:05:33.983Z [info]: POST /users/login 200 219 - 56.657 ms {} {}
2026-03-16T13:05:36.003Z [info]: OPTIONS /users/profile 204 0 - 0.301 ms {} {}
2026-03-16T13:05:36.013Z [info]: GET /users/profile 304 - - 6.955 ms {} {}
2026-03-16T13:06:13.975Z [info]: POST /images 202 159 - 144.729 ms {} {}
2026-03-16T13:06:17.321Z [info]: OPTIONS /images/a971ecab-43a1-428b-b3d7-8fb0e9018d07/status 204 0 - 0.228 ms {} {}
2026-03-16T13:06:17.326Z [info]: GET /images/a971ecab-43a1-428b-b3d7-8fb0e9018d07/status 200 119 - 2.711 ms {"id":"a971ecab-43a1-428b-b3d7-8fb0e9018d07"} {}
2026-03-16T13:06:19.005Z [info]: GET /images/a971ecab-43a1-428b-b3d7-8fb0e9018d07/status 304 - - 2.198 ms {"id":"a971ecab-43a1-428b-b3d7-8fb0e9018d07"} {}
2026-03-16T13:06:19.499Z [info]: GET /images/a971ecab-43a1-428b-b3d7-8fb0e9018d07/status 304 - - 1.846 ms {"id":"a971ecab-43a1-428b-b3d7-8fb0e9018d07"} {}
2026-03-16T13:06:20.975Z [info]: GET /images/a971ecab-43a1-428b-b3d7-8fb0e9018d07/status 304 - - 2.092 ms {"id":"a971ecab-43a1-428b-b3d7-8fb0e9018d07"} {}
2026-03-16T13:06:22.768Z [info]: OPTIONS /images/a971ecab-43a1-428b-b3d7-8fb0e9018d07/status 204 0 - 0.245 ms {} {}
2026-03-16T13:06:22.772Z [info]: GET /images/a971ecab-43a1-428b-b3d7-8fb0e9018d07/status 304 - - 1.610 ms {"id":"a971ecab-43a1-428b-b3d7-8fb0e9018d07"} {}
2026-03-16T13:06:23.593Z [info]: GET /images/a971ecab-43a1-428b-b3d7-8fb0e9018d07/status 304 - - 1.801 ms {"id":"a971ecab-43a1-428b-b3d7-8fb0e9018d07"} {}
2026-03-16T13:06:26.412Z [info]: GET /images/a971ecab-43a1-428b-b3d7-8fb0e9018d07/status 304 - - 2.169 ms {"id":"a971ecab-43a1-428b-b3d7-8fb0e9018d07"} {}
2026-03-16T13:06:27.089Z [info]: GET /images/a971ecab-43a1-428b-b3d7-8fb0e9018d07/status 304 - - 1.819 ms {"id":"a971ecab-43a1-428b-b3d7-8fb0e9018d07"} {}
2026-03-16T13:06:33.280Z [info]: OPTIONS /images/a971ecab-43a1-428b-b3d7-8fb0e9018d07/status 204 0 - 0.234 ms {} {}
2026-03-16T13:06:33.285Z [info]: GET /images/a971ecab-43a1-428b-b3d7-8fb0e9018d07/status 304 - - 1.775 ms {"id":"a971ecab-43a1-428b-b3d7-8fb0e9018d07"} {}
2026-03-16T13:06:38.265Z [info]: GET /images/a971ecab-43a1-428b-b3d7-8fb0e9018d07/status 304 - - 1.931 ms {"id":"a971ecab-43a1-428b-b3d7-8fb0e9018d07"} {}
2026-03-16T13:07:00.499Z [info]: OPTIONS /images/a971ecab-43a1-428b-b3d7-8fb0e9018d07/status 204 0 - 0.332 ms {} {}
2026-03-16T13:07:00.505Z [info]: GET /images/a971ecab-43a1-428b-b3d7-8fb0e9018d07/status 304 - - 1.904 ms {"id":"a971ecab-43a1-428b-b3d7-8fb0e9018d07"} {}
2026-03-16T13:07:10.386Z [info]: POST /images 202 159 - 39.633 ms {} {}
2026-03-16T13:07:14.205Z [info]: OPTIONS /images/e77d310e-39bc-46c9-a1fa-3b868824ad70/status 204 0 - 0.327 ms {} {}
2026-03-16T13:07:14.209Z [info]: GET /images/e77d310e-39bc-46c9-a1fa-3b868824ad70/status 200 119 - 1.797 ms {"id":"e77d310e-39bc-46c9-a1fa-3b868824ad70"} {}
2026-03-16T13:07:15.056Z [info]: GET /images/e77d310e-39bc-46c9-a1fa-3b868824ad70/status 304 - - 3.223 ms {"id":"e77d310e-39bc-46c9-a1fa-3b868824ad70"} {}
2026-03-16T13:07:15.964Z [info]: GET /images/e77d310e-39bc-46c9-a1fa-3b868824ad70/status 304 - - 1.865 ms {"id":"e77d310e-39bc-46c9-a1fa-3b868824ad70"} {}
2026-03-16T13:07:17.104Z [info]: GET /images/e77d310e-39bc-46c9-a1fa-3b868824ad70/status 304 - - 2.100 ms {"id":"e77d310e-39bc-46c9-a1fa-3b868824ad70"} {}
2026-03-16T13:07:17.533Z [info]: GET /images/e77d310e-39bc-46c9-a1fa-3b868824ad70/status 304 - - 1.712 ms {"id":"e77d310e-39bc-46c9-a1fa-3b868824ad70"} {}
2026-03-16T13:07:17.720Z [info]: GET /images/e77d310e-39bc-46c9-a1fa-3b868824ad70/status 304 - - 1.762 ms {"id":"e77d310e-39bc-46c9-a1fa-3b868824ad70"} {}
2026-03-16T13:07:20.596Z [info]: OPTIONS /images/e77d310e-39bc-46c9-a1fa-3b868824ad70/status 204 0 - 0.240 ms {} {}
2026-03-16T13:07:20.600Z [info]: GET /images/e77d310e-39bc-46c9-a1fa-3b868824ad70/status 304 - - 1.529 ms {"id":"e77d310e-39bc-46c9-a1fa-3b868824ad70"} {}
2026-03-16T13:07:21.307Z [info]: GET /images/e77d310e-39bc-46c9-a1fa-3b868824ad70/status 304 - - 1.656 ms {"id":"e77d310e-39bc-46c9-a1fa-3b868824ad70"} {}
2026-03-16T13:07:33.195Z [info]: OPTIONS /images/e77d310e-39bc-46c9-a1fa-3b868824ad70/status 204 0 - 0.252 ms {} {}
2026-03-16T13:07:33.203Z [info]: GET /images/e77d310e-39bc-46c9-a1fa-3b868824ad70/status 200 241 - 2.251 ms {"id":"e77d310e-39bc-46c9-a1fa-3b868824ad70"} {}
2026-03-16T13:07:34.745Z [info]: OPTIONS /images/get-image?publicId=images/1/zgsxfvv8ltooj2viao3p 204 0 - 0.269 ms {} {"publicId":"images/1/zgsxfvv8ltooj2viao3p"}
2026-03-16T13:07:34.751Z [info]: GET /images/get-image?publicId=images/1/zgsxfvv8ltooj2viao3p 200 133 - 4.888 ms {} {"publicId":"images/1/zgsxfvv8ltooj2viao3p"}
2026-03-16T13:07:48.929Z [info]: OPTIONS /images/transform?id=images%2F1%2Fzgsxfvv8ltooj2viao3p 204 0 - 0.298 ms {} {"id":"images/1/zgsxfvv8ltooj2viao3p"}
2026-03-16T13:07:48.940Z [info]: POST /images/transform?id=images%2F1%2Fzgsxfvv8ltooj2viao3p 200 202 - 7.616 ms {} {"id":"images/1/zgsxfvv8ltooj2viao3p"}
2026-03-16T13:07:58.462Z [info]: OPTIONS /images/transform?id=images%2F1%2Fzgsxfvv8ltooj2viao3p 204 0 - 0.234 ms {} {"id":"images/1/zgsxfvv8ltooj2viao3p"}
2026-03-16T13:07:58.468Z [info]: POST /images/transform?id=images%2F1%2Fzgsxfvv8ltooj2viao3p 200 198 - 3.348 ms {} {"id":"images/1/zgsxfvv8ltooj2viao3p"}
2026-03-16T13:08:14.479Z [info]: OPTIONS /images/transform?id=images%2F1%2Fzgsxfvv8ltooj2viao3p 204 0 - 0.255 ms {} {"id":"images/1/zgsxfvv8ltooj2viao3p"}
2026-03-16T13:08:14.487Z [info]: POST /images/transform?id=images%2F1%2Fzgsxfvv8ltooj2viao3p 200 197 - 3.453 ms {} {"id":"images/1/zgsxfvv8ltooj2viao3p"}
2026-03-16T13:08:25.909Z [info]: OPTIONS /images/transform?id=images%2F1%2Fzgsxfvv8ltooj2viao3p 204 0 - 0.268 ms {} {"id":"images/1/zgsxfvv8ltooj2viao3p"}
2026-03-16T13:08:25.920Z [info]: POST /images/transform?id=images%2F1%2Fzgsxfvv8ltooj2viao3p 200 253 - 7.715 ms {} {"id":"images/1/zgsxfvv8ltooj2viao3p"}
2026-03-16T13:08:33.451Z [info]: OPTIONS /images/transform?id=images%2F1%2Fzgsxfvv8ltooj2viao3p 204 0 - 0.276 ms {} {"id":"images/1/zgsxfvv8ltooj2viao3p"}
2026-03-16T13:08:33.458Z [info]: POST /images/transform?id=images%2F1%2Fzgsxfvv8ltooj2viao3p 200 263 - 3.736 ms {} {"id":"images/1/zgsxfvv8ltooj2viao3p"}
2026-03-16T13:08:57.721Z [info]: OPTIONS /images/transform?id=images%2F1%2Fzgsxfvv8ltooj2viao3p 204 0 - 0.213 ms {} {"id":"images/1/zgsxfvv8ltooj2viao3p"}
2026-03-16T13:08:57.730Z [info]: POST /images/transform?id=images%2F1%2Fzgsxfvv8ltooj2viao3p 200 267 - 3.583 ms {} {"id":"images/1/zgsxfvv8ltooj2viao3p"}
2026-03-16T13:09:05.185Z [info]: OPTIONS /images/transform?id=images%2F1%2Fzgsxfvv8ltooj2viao3p 204 0 - 0.242 ms {} {"id":"images/1/zgsxfvv8ltooj2viao3p"}
2026-03-16T13:09:05.192Z [info]: POST /images/transform?id=images%2F1%2Fzgsxfvv8ltooj2viao3p 200 267 - 3.892 ms {} {"id":"images/1/zgsxfvv8ltooj2viao3p"}
2026-03-16T13:09:12.186Z [info]: OPTIONS /images/transform?id=images%2F1%2Fzgsxfvv8ltooj2viao3p 204 0 - 0.239 ms {} {"id":"images/1/zgsxfvv8ltooj2viao3p"}
2026-03-16T13:09:12.199Z [info]: POST /images/transform?id=images%2F1%2Fzgsxfvv8ltooj2viao3p 200 282 - 7.359 ms {} {"id":"images/1/zgsxfvv8ltooj2viao3p"}
2026-03-16T13:09:18.336Z [info]: OPTIONS /images/transform?id=images%2F1%2Fzgsxfvv8ltooj2viao3p 204 0 - 0.278 ms {} {"id":"images/1/zgsxfvv8ltooj2viao3p"}
2026-03-16T13:09:18.343Z [info]: POST /images/transform?id=images%2F1%2Fzgsxfvv8ltooj2viao3p 200 268 - 3.407 ms {} {"id":"images/1/zgsxfvv8ltooj2viao3p"}
2026-03-16T13:09:26.754Z [info]: OPTIONS /images/transform?id=images%2F1%2Fzgsxfvv8ltooj2viao3p 204 0 - 0.300 ms {} {"id":"images/1/zgsxfvv8ltooj2viao3p"}
2026-03-16T13:09:26.763Z [info]: POST /images/transform?id=images%2F1%2Fzgsxfvv8ltooj2viao3p 200 284 - 6.007 ms {} {"id":"images/1/zgsxfvv8ltooj2viao3p"}
2026-03-16T13:10:29.843Z [info]: OPTIONS /images/transform?id=images%2F1%2Fzgsxfvv8ltooj2viao3p 204 0 - 0.297 ms {} {"id":"images/1/zgsxfvv8ltooj2viao3p"}
2026-03-16T13:10:29.850Z [info]: POST /images/transform?id=images%2F1%2Fzgsxfvv8ltooj2viao3p 200 280 - 3.816 ms {} {"id":"images/1/zgsxfvv8ltooj2viao3p"}
2026-03-16T13:10:45.949Z [info]: OPTIONS /images/transform?id=images%2F1%2Fzgsxfvv8ltooj2viao3p 204 0 - 0.316 ms {} {"id":"images/1/zgsxfvv8ltooj2viao3p"}
2026-03-16T13:10:45.961Z [info]: POST /images/transform?id=images%2F1%2Fzgsxfvv8ltooj2viao3p 200 295 - 5.773 ms {} {"id":"images/1/zgsxfvv8ltooj2viao3p"}
2026-03-16T13:11:04.449Z [info]: OPTIONS /images/transform?id=images%2F1%2Fzgsxfvv8ltooj2viao3p 204 0 - 0.341 ms {} {"id":"images/1/zgsxfvv8ltooj2viao3p"}
2026-03-16T13:11:04.457Z [info]: POST /images/transform?id=images%2F1%2Fzgsxfvv8ltooj2viao3p 200 302 - 4.290 ms {} {"id":"images/1/zgsxfvv8ltooj2viao3p"}
2026-03-16T13:11:13.329Z [info]: OPTIONS /images/transform?id=images%2F1%2Fzgsxfvv8ltooj2viao3p 204 0 - 0.222 ms {} {"id":"images/1/zgsxfvv8ltooj2viao3p"}
2026-03-16T13:11:13.337Z [info]: POST /images/transform?id=images%2F1%2Fzgsxfvv8ltooj2viao3p 200 309 - 3.696 ms {} {"id":"images/1/zgsxfvv8ltooj2viao3p"}
2026-03-16T13:11:21.427Z [info]: OPTIONS /images/transform?id=images%2F1%2Fzgsxfvv8ltooj2viao3p 204 0 - 0.188 ms {} {"id":"images/1/zgsxfvv8ltooj2viao3p"}
2026-03-16T13:11:21.433Z [info]: POST /images/transform?id=images%2F1%2Fzgsxfvv8ltooj2viao3p 200 309 - 2.458 ms {} {"id":"images/1/zgsxfvv8ltooj2viao3p"}
2026-03-16T13:11:30.328Z [info]: OPTIONS /images/transform?id=images%2F1%2Fzgsxfvv8ltooj2viao3p 204 0 - 0.206 ms {} {"id":"images/1/zgsxfvv8ltooj2viao3p"}
2026-03-16T13:11:30.335Z [info]: POST /images/transform?id=images%2F1%2Fzgsxfvv8ltooj2viao3p 200 293 - 3.296 ms {} {"id":"images/1/zgsxfvv8ltooj2viao3p"}
2026-03-16T13:11:40.077Z [info]: OPTIONS /images/transform?id=images%2F1%2Fzgsxfvv8ltooj2viao3p 204 0 - 0.181 ms {} {"id":"images/1/zgsxfvv8ltooj2viao3p"}
2026-03-16T13:11:40.083Z [info]: POST /images/transform?id=images%2F1%2Fzgsxfvv8ltooj2viao3p 200 293 - 2.335 ms {} {"id":"images/1/zgsxfvv8ltooj2viao3p"}
2026-03-16T13:11:50.532Z [info]: OPTIONS /images/transform?id=images%2F1%2Fzgsxfvv8ltooj2viao3p 204 0 - 0.183 ms {} {"id":"images/1/zgsxfvv8ltooj2viao3p"}
2026-03-16T13:11:50.539Z [info]: POST /images/transform?id=images%2F1%2Fzgsxfvv8ltooj2viao3p 200 284 - 3.902 ms {} {"id":"images/1/zgsxfvv8ltooj2viao3p"}
2026-03-16T13:16:32.984Z [info]: OPTIONS /users/login 204 0 - 2.739 ms {} {}
2026-03-16T13:16:33.099Z [info]: POST /users/login 200 219 - 111.750 ms {} {}
2026-03-16T13:16:35.022Z [info]: OPTIONS /users/profile 204 0 - 0.279 ms {} {}
2026-03-16T13:16:35.033Z [info]: GET /users/profile 304 - - 8.389 ms {} {}
2026-03-16T13:16:45.554Z [info]: POST /images 202 159 - 31.026 ms {} {}
2026-03-16T13:16:47.292Z [info]: OPTIONS /images/49243ba2-7210-4bea-89da-9f6289bd9909/status 204 0 - 0.250 ms {} {}
2026-03-16T13:16:47.296Z [info]: GET /images/49243ba2-7210-4bea-89da-9f6289bd9909/status 200 119 - 2.273 ms {"id":"49243ba2-7210-4bea-89da-9f6289bd9909"} {}
2026-03-16T13:16:50.052Z [info]: GET /images/49243ba2-7210-4bea-89da-9f6289bd9909/status 200 241 - 2.904 ms {"id":"49243ba2-7210-4bea-89da-9f6289bd9909"} {}
2026-03-16T13:16:51.050Z [info]: OPTIONS /images/get-image?publicId=images/1/hfycs1zqswdkfev0nrn4 204 0 - 0.246 ms {} {"publicId":"images/1/hfycs1zqswdkfev0nrn4"}
2026-03-16T13:16:51.056Z [info]: GET /images/get-image?publicId=images/1/hfycs1zqswdkfev0nrn4 200 133 - 4.675 ms {} {"publicId":"images/1/hfycs1zqswdkfev0nrn4"}
2026-03-16T13:17:59.460Z [info]: OPTIONS /images/transform?id=images%2F1%2Fhfycs1zqswdkfev0nrn4 204 0 - 0.434 ms {} {"id":"images/1/hfycs1zqswdkfev0nrn4"}
2026-03-16T13:17:59.475Z [info]: POST /images/transform?id=images%2F1%2Fhfycs1zqswdkfev0nrn4 200 291 - 10.620 ms {} {"id":"images/1/hfycs1zqswdkfev0nrn4"}
