2026-03-15T21:01:46.013Z [info]: POST /users/register 409 50 - 58.892 ms {} {}
2026-03-15T21:02:01.651Z [info]: GET /users/login 404 48 - 0.830 ms {} {}
2026-03-15T21:02:39.452Z [info]: POST /users/login 400 46 - 5.465 ms {} {}
2026-03-15T21:03:05.602Z [info]: POST /users/login 400 46 - 0.968 ms {} {}
2026-03-15T21:03:25.744Z [info]: POST /users/login 200 220 - 74.294 ms {} {}
2026-03-15T21:04:04.229Z [info]: GET /users/profile 401 51 - 1.446 ms {} {}
2026-03-15T21:05:17.799Z [info]: GET /users/profile 401 928 - 42.105 ms {} {}
2026-03-15T21:05:35.283Z [info]: POST /users/login 200 220 - 67.952 ms {} {}
2026-03-15T21:05:56.823Z [info]: GET /users/profile 401 928 - 4.545 ms {} {}
2026-03-15T21:07:09.626Z [info]: GET /users/profile 401 928 - 42.444 ms {} {}
2026-03-15T21:07:12.666Z [info]: GET /users/profile 401 928 - 3.819 ms {} {}
2026-03-15T21:07:35.905Z [info]: GET /users/profile 401 928 - 46.893 ms {} {}
2026-03-15T21:07:49.142Z [info]: GET /users/profile 401 928 - 43.676 ms {} {}
2026-03-15T21:07:49.876Z [info]: GET /users/profile 401 928 - 3.688 ms {} {}
2026-03-15T21:08:42.095Z [info]: GET /users/profile 401 928 - 45.919 ms {} {}
2026-03-15T21:09:16.490Z [info]: POST /users/login 200 219 - 70.586 ms {} {}
2026-03-15T21:09:27.230Z [info]: GET /users/profile 200 106 - 7.768 ms {} {}
2026-03-15T21:12:56.987Z [info]: GET /images 200 60 - 16.713 ms {} {}
2026-03-15T21:13:56.560Z [info]: GET /images/:id 200 104 - 4.103 ms {"publicId":":id"} {}
2026-03-15T21:15:10.821Z [info]: GET /images/:publicId 200 110 - 6.905 ms {"publicId":":publicId"} {}
2026-03-15T21:15:45.948Z [info]: GET /images/:publicId 200 110 - 8.443 ms {"publicId":":publicId"} {}
2026-03-15T21:15:58.801Z [info]: GET /images/ 200 60 - 11.235 ms {} {}
2026-03-15T21:16:17.638Z [info]: GET /images/someid 200 107 - 1.555 ms {"publicId":"someid"} {}
2026-03-15T21:17:24.933Z [info]: GET /images/:publicId/get 404 48 - 3.290 ms {} {}
2026-03-15T21:17:40.178Z [info]: GET /images/:publicId/get 200 110 - 7.011 ms {"publicId":":publicId"} {}
2026-03-15T21:17:48.891Z [info]: GET /images/%22/get 200 104 - 1.505 ms {"publicId":"\""} {}
2026-03-15T21:19:29.711Z [info]: GET /images/123 200 104 - 7.589 ms {"publicId":"123"} {}
2026-03-15T21:20:11.286Z [info]: GET /images/:publicId 200 110 - 7.040 ms {"publicId":":publicId"} {}
2026-03-15T21:20:15.537Z [info]: GET /images/:publicId 200 110 - 1.276 ms {"publicId":":publicId"} {}
2026-03-15T21:20:30.786Z [info]: GET /images/:publicId 200 110 - 7.184 ms {"publicId":":publicId"} {}
2026-03-15T21:20:46.153Z [info]: GET /images/:publicId 400 51 - 4.590 ms {} {}
2026-03-15T21:20:49.971Z [info]: GET /images/123 200 104 - 3.802 ms {"publicId":"123"} {}
2026-03-15T21:32:38.461Z [info]: GET /images/123 404 46 - 10.042 ms {} {}
2026-03-15T21:33:09.050Z [info]: GET /images/123 404 46 - 10.096 ms {} {}
2026-03-15T21:33:27.274Z [info]: GET /images/123 404 46 - 10.755 ms {} {}
2026-03-15T21:33:32.274Z [info]: GET /images/:publicId 400 57 - 1.556 ms {} {}
2026-03-15T21:37:13.218Z [info]: POST /images/ 201 220 - 3098.946 ms {} {}
2026-03-15T22:05:05.635Z [info]: POST /images/ 500 320 - 46.168 ms {} {}
2026-03-15T22:06:27.902Z [info]: POST /images/ 401 79 - 12.573 ms {} {}
2026-03-15T22:06:37.065Z [info]: POST /users/register 201 67 - 74.158 ms {} {}
2026-03-15T22:06:42.719Z [info]: POST /users/login 200 219 - 63.970 ms {} {}
2026-03-15T22:06:49.797Z [info]: GET /users/profile 200 106 - 4.295 ms {} {}
2026-03-15T22:06:57.562Z [info]: GET /images 200 60 - 4.506 ms {} {}
2026-03-15T22:07:01.999Z [info]: POST /images/ 202 159 - 22.699 ms {} {}
